<?xml version="1.0" encoding="UTF-8"?>
<testng-results skipped="0" failed="0" ignored="0" total="1" passed="1">
  <reporter-output>
  </reporter-output>
  <suite name="cardinal" duration-ms="17496" started-at="2018-12-28T11:09:10Z" finished-at="2018-12-28T11:09:27Z">
    <groups>
    </groups>
    <test name="testing suite 1" duration-ms="17496" started-at="2018-12-28T11:09:10Z" finished-at="2018-12-28T11:09:27Z">
      <class name="com.cardinal.core.OpenandCloseBrowser">
        <test-method status="PASS" signature="openBrowser()[pri:0, instance:com.cardinal.core.OpenandCloseBrowser@234bef66]" name="openBrowser" is-config="true" duration-ms="16413" started-at="2018-12-28T11:09:10Z" finished-at="2018-12-28T11:09:26Z">
          <reporter-output>
          </reporter-output>
        </test-method> <!-- openBrowser -->
        <test-method status="PASS" signature="test1()[pri:0, instance:com.cardinal.core.OpenandCloseBrowser@234bef66]" name="test1" duration-ms="177" started-at="2018-12-28T11:09:26Z" finished-at="2018-12-28T11:09:27Z">
          <reporter-output>
          </reporter-output>
        </test-method> <!-- test1 -->
        <test-method status="PASS" signature="closeBrowser()[pri:0, instance:com.cardinal.core.OpenandCloseBrowser@234bef66]" name="closeBrowser" is-config="true" duration-ms="609" started-at="2018-12-28T11:09:27Z" finished-at="2018-12-28T11:09:27Z">
          <reporter-output>
          </reporter-output>
        </test-method> <!-- closeBrowser -->
      </class> <!-- com.cardinal.core.OpenandCloseBrowser -->
    </test> <!-- testing suite 1 -->
  </suite> <!-- cardinal -->
</testng-results>
